
==========================================================================
finish report_tns
--------------------------------------------------------------------------
tns max -0.57

==========================================================================
finish report_wns
--------------------------------------------------------------------------
wns max -0.05

==========================================================================
finish report_worst_slack
--------------------------------------------------------------------------
worst slack max -0.05

==========================================================================
finish report_clock_min_period
--------------------------------------------------------------------------
core_clock period_min = 0.51 fmax = 1954.73

==========================================================================
finish report_clock_skew
--------------------------------------------------------------------------
Clock core_clock
   0.07 source latency dpath.b_reg.out[10]$_DFFE_PP_/CK ^
  -0.07 target latency dpath.b_reg.out[2]$_DFFE_PP_/CK ^
   0.00 CRPR
--------------
  -0.00 setup skew


==========================================================================
finish report_checks -path_delay min
--------------------------------------------------------------------------
Startpoint: req_val (input port clocked by core_clock)
Endpoint: ctrl.state.out[0]$_DFF_P_
          (rising edge-triggered flip-flop clocked by core_clock)
Path Group: core_clock
Path Type: min

Fanout     Cap    Slew   Delay    Time   Description
-----------------------------------------------------------------------------
                          0.00    0.00   clock core_clock (rise edge)
                          0.00    0.00   clock network delay (propagated)
                          0.09    0.09 ^ input external delay
     1    1.24    0.00    0.00    0.09 ^ req_val (in)
                                         req_val (net)
                  0.00    0.00    0.09 ^ input33/A (BUF_X1)
     2    3.63    0.01    0.02    0.12 ^ input33/Z (BUF_X1)
                                         net33 (net)
                  0.01    0.00    0.12 ^ _522_/B1 (OAI21_X1)
     1    1.29    0.01    0.01    0.13 v _522_/ZN (OAI21_X1)
                                         _000_ (net)
                  0.01    0.00    0.13 v ctrl.state.out[0]$_DFF_P_/D (DFF_X2)
                                  0.13   data arrival time

                          0.00    0.00   clock core_clock (rise edge)
                          0.00    0.00   clock source latency
     1    3.88    0.00    0.00    0.00 ^ clk (in)
                                         clk (net)
                  0.00    0.00    0.00 ^ clkbuf_0_clk/A (CLKBUF_X3)
     4    9.34    0.01    0.03    0.03 ^ clkbuf_0_clk/Z (CLKBUF_X3)
                                         clknet_0_clk (net)
                  0.01    0.00    0.03 ^ clkbuf_2_2__f_clk/A (CLKBUF_X3)
    10   12.54    0.01    0.04    0.07 ^ clkbuf_2_2__f_clk/Z (CLKBUF_X3)
                                         clknet_2_2__leaf_clk (net)
                  0.01    0.00    0.07 ^ ctrl.state.out[0]$_DFF_P_/CK (DFF_X2)
                          0.00    0.07   clock reconvergence pessimism
                          0.00    0.07   library hold time
                                  0.07   data required time
-----------------------------------------------------------------------------
                                  0.07   data required time
                                 -0.13   data arrival time
-----------------------------------------------------------------------------
                                  0.05   slack (MET)



==========================================================================
finish report_checks -path_delay max
--------------------------------------------------------------------------
Startpoint: dpath.b_reg.out[12]$_DFFE_PP_
            (rising edge-triggered flip-flop clocked by core_clock)
Endpoint: resp_msg[15] (output port clocked by core_clock)
Path Group: core_clock
Path Type: max

Fanout     Cap    Slew   Delay    Time   Description
-----------------------------------------------------------------------------
                          0.00    0.00   clock core_clock (rise edge)
                          0.00    0.00   clock source latency
     1    3.88    0.00    0.00    0.00 ^ clk (in)
                                         clk (net)
                  0.00    0.00    0.00 ^ clkbuf_0_clk/A (CLKBUF_X3)
     4    9.34    0.01    0.03    0.03 ^ clkbuf_0_clk/Z (CLKBUF_X3)
                                         clknet_0_clk (net)
                  0.01    0.00    0.03 ^ clkbuf_2_3__f_clk/A (CLKBUF_X3)
     9   12.73    0.01    0.04    0.07 ^ clkbuf_2_3__f_clk/Z (CLKBUF_X3)
                                         clknet_2_3__leaf_clk (net)
                  0.01    0.00    0.07 ^ dpath.b_reg.out[12]$_DFFE_PP_/CK (DFF_X1)
     4   13.44    0.03    0.12    0.19 ^ dpath.b_reg.out[12]$_DFFE_PP_/Q (DFF_X1)
                                         dpath.a_lt_b$in1[12] (net)
                  0.03    0.00    0.19 ^ _691_/A (INV_X2)
     2    7.74    0.01    0.02    0.20 v _691_/ZN (INV_X2)
                                         _227_ (net)
                  0.01    0.00    0.20 v _692_/A2 (NOR2_X4)
     2    9.32    0.02    0.03    0.23 ^ _692_/ZN (NOR2_X4)
                                         _228_ (net)
                  0.02    0.00    0.23 ^ _704_/A (INV_X1)
     1    3.67    0.01    0.01    0.25 v _704_/ZN (INV_X1)
                                         _239_ (net)
                  0.01    0.00    0.25 v _705_/A (OAI21_X2)
     1    4.01    0.02    0.02    0.27 ^ _705_/ZN (OAI21_X2)
                                         _240_ (net)
                  0.02    0.00    0.27 ^ _706_/A (INV_X2)
     2    9.82    0.01    0.02    0.28 v _706_/ZN (INV_X2)
                                         _241_ (net)
                  0.01    0.00    0.28 v _751_/B1 (AOI21_X2)
     1    3.20    0.02    0.03    0.31 ^ _751_/ZN (AOI21_X2)
                                         _284_ (net)
                  0.02    0.00    0.31 ^ _752_/A1 (NAND2_X2)
     1    3.77    0.01    0.02    0.33 v _752_/ZN (NAND2_X2)
                                         _285_ (net)
                  0.01    0.00    0.33 v _753_/A (INV_X2)
     2    4.05    0.01    0.01    0.34 ^ _753_/ZN (INV_X2)
                                         _286_ (net)
                  0.01    0.00    0.34 ^ _754_/A2 (NAND2_X1)
     1    2.44    0.01    0.01    0.35 v _754_/ZN (NAND2_X1)
                                         _287_ (net)
                  0.01    0.00    0.36 v _756_/A1 (NAND2_X1)
     2    2.75    0.01    0.02    0.37 ^ _756_/ZN (NAND2_X1)
                                         _289_ (net)
                  0.01    0.00    0.37 ^ _759_/A1 (AND2_X1)
     1    1.30    0.01    0.03    0.40 ^ _759_/ZN (AND2_X1)
                                         net43 (net)
                  0.01    0.00    0.40 ^ output43/A (BUF_X1)
     1    0.34    0.00    0.02    0.42 ^ output43/Z (BUF_X1)
                                         resp_msg[15] (net)
                  0.00    0.00    0.42 ^ resp_msg[15] (out)
                                  0.42   data arrival time

                          0.46    0.46   clock core_clock (rise edge)
                          0.00    0.46   clock network delay (propagated)
                          0.00    0.46   clock reconvergence pessimism
                         -0.09    0.37   output external delay
                                  0.37   data required time
-----------------------------------------------------------------------------
                                  0.37   data required time
                                 -0.42   data arrival time
-----------------------------------------------------------------------------
                                 -0.05   slack (VIOLATED)



==========================================================================
finish report_checks -unconstrained
--------------------------------------------------------------------------
Startpoint: dpath.b_reg.out[12]$_DFFE_PP_
            (rising edge-triggered flip-flop clocked by core_clock)
Endpoint: resp_msg[15] (output port clocked by core_clock)
Path Group: core_clock
Path Type: max

Fanout     Cap    Slew   Delay    Time   Description
-----------------------------------------------------------------------------
                          0.00    0.00   clock core_clock (rise edge)
                          0.00    0.00   clock source latency
     1    3.88    0.00    0.00    0.00 ^ clk (in)
                                         clk (net)
                  0.00    0.00    0.00 ^ clkbuf_0_clk/A (CLKBUF_X3)
     4    9.34    0.01    0.03    0.03 ^ clkbuf_0_clk/Z (CLKBUF_X3)
                                         clknet_0_clk (net)
                  0.01    0.00    0.03 ^ clkbuf_2_3__f_clk/A (CLKBUF_X3)
     9   12.73    0.01    0.04    0.07 ^ clkbuf_2_3__f_clk/Z (CLKBUF_X3)
                                         clknet_2_3__leaf_clk (net)
                  0.01    0.00    0.07 ^ dpath.b_reg.out[12]$_DFFE_PP_/CK (DFF_X1)
     4   13.44    0.03    0.12    0.19 ^ dpath.b_reg.out[12]$_DFFE_PP_/Q (DFF_X1)
                                         dpath.a_lt_b$in1[12] (net)
                  0.03    0.00    0.19 ^ _691_/A (INV_X2)
     2    7.74    0.01    0.02    0.20 v _691_/ZN (INV_X2)
                                         _227_ (net)
                  0.01    0.00    0.20 v _692_/A2 (NOR2_X4)
     2    9.32    0.02    0.03    0.23 ^ _692_/ZN (NOR2_X4)
                                         _228_ (net)
                  0.02    0.00    0.23 ^ _704_/A (INV_X1)
     1    3.67    0.01    0.01    0.25 v _704_/ZN (INV_X1)
                                         _239_ (net)
                  0.01    0.00    0.25 v _705_/A (OAI21_X2)
     1    4.01    0.02    0.02    0.27 ^ _705_/ZN (OAI21_X2)
                                         _240_ (net)
                  0.02    0.00    0.27 ^ _706_/A (INV_X2)
     2    9.82    0.01    0.02    0.28 v _706_/ZN (INV_X2)
                                         _241_ (net)
                  0.01    0.00    0.28 v _751_/B1 (AOI21_X2)
     1    3.20    0.02    0.03    0.31 ^ _751_/ZN (AOI21_X2)
                                         _284_ (net)
                  0.02    0.00    0.31 ^ _752_/A1 (NAND2_X2)
     1    3.77    0.01    0.02    0.33 v _752_/ZN (NAND2_X2)
                                         _285_ (net)
                  0.01    0.00    0.33 v _753_/A (INV_X2)
     2    4.05    0.01    0.01    0.34 ^ _753_/ZN (INV_X2)
                                         _286_ (net)
                  0.01    0.00    0.34 ^ _754_/A2 (NAND2_X1)
     1    2.44    0.01    0.01    0.35 v _754_/ZN (NAND2_X1)
                                         _287_ (net)
                  0.01    0.00    0.36 v _756_/A1 (NAND2_X1)
     2    2.75    0.01    0.02    0.37 ^ _756_/ZN (NAND2_X1)
                                         _289_ (net)
                  0.01    0.00    0.37 ^ _759_/A1 (AND2_X1)
     1    1.30    0.01    0.03    0.40 ^ _759_/ZN (AND2_X1)
                                         net43 (net)
                  0.01    0.00    0.40 ^ output43/A (BUF_X1)
     1    0.34    0.00    0.02    0.42 ^ output43/Z (BUF_X1)
                                         resp_msg[15] (net)
                  0.00    0.00    0.42 ^ resp_msg[15] (out)
                                  0.42   data arrival time

                          0.46    0.46   clock core_clock (rise edge)
                          0.00    0.46   clock network delay (propagated)
                          0.00    0.46   clock reconvergence pessimism
                         -0.09    0.37   output external delay
                                  0.37   data required time
-----------------------------------------------------------------------------
                                  0.37   data required time
                                 -0.42   data arrival time
-----------------------------------------------------------------------------
                                 -0.05   slack (VIOLATED)



==========================================================================
finish report_check_types -max_slew -max_cap -max_fanout -violators
--------------------------------------------------------------------------

==========================================================================
finish max_slew_check_slack
--------------------------------------------------------------------------
0.1112421303987503

==========================================================================
finish max_slew_check_limit
--------------------------------------------------------------------------
0.1985349953174591

==========================================================================
finish max_slew_check_slack_limit
--------------------------------------------------------------------------
0.5603

==========================================================================
finish max_fanout_check_slack
--------------------------------------------------------------------------
1.0000000150474662e+30

==========================================================================
finish max_fanout_check_limit
--------------------------------------------------------------------------
1.0000000150474662e+30

==========================================================================
finish max_capacitance_check_slack
--------------------------------------------------------------------------
13.392849922180176

==========================================================================
finish max_capacitance_check_limit
--------------------------------------------------------------------------
16.021699905395508

==========================================================================
finish max_capacitance_check_slack_limit
--------------------------------------------------------------------------
0.8359

==========================================================================
finish max_slew_violation_count
--------------------------------------------------------------------------
max slew violation count 0

==========================================================================
finish max_fanout_violation_count
--------------------------------------------------------------------------
max fanout violation count 0

==========================================================================
finish max_cap_violation_count
--------------------------------------------------------------------------
max cap violation count 0

==========================================================================
finish setup_violation_count
--------------------------------------------------------------------------
setup violation count 33

==========================================================================
finish hold_violation_count
--------------------------------------------------------------------------
hold violation count 0

==========================================================================
finish report_checks -path_delay max reg to reg
--------------------------------------------------------------------------
Startpoint: dpath.a_reg.out[10]$_DFFE_PP_
            (rising edge-triggered flip-flop clocked by core_clock)
Endpoint: dpath.a_reg.out[10]$_DFFE_PP_
          (rising edge-triggered flip-flop clocked by core_clock)
Path Group: core_clock
Path Type: max

  Delay    Time   Description
---------------------------------------------------------
   0.00    0.00   clock core_clock (rise edge)
   0.00    0.00   clock source latency
   0.00    0.00 ^ clk (in)
   0.03    0.03 ^ clkbuf_0_clk/Z (CLKBUF_X3)
   0.04    0.07 ^ clkbuf_2_2__f_clk/Z (CLKBUF_X3)
   0.00    0.07 ^ dpath.a_reg.out[10]$_DFFE_PP_/CK (DFF_X1)
   0.10    0.17 ^ dpath.a_reg.out[10]$_DFFE_PP_/Q (DFF_X1)
   0.01    0.19 v _652_/ZN (INV_X2)
   0.02    0.20 ^ _653_/ZN (NAND2_X4)
   0.02    0.22 v _654_/ZN (NAND2_X4)
   0.02    0.24 v place73/Z (BUF_X4)
   0.03    0.27 ^ _678_/ZN (NOR2_X4)
   0.03    0.30 ^ rebuffer91/Z (BUF_X2)
   0.01    0.31 v _683_/ZN (NAND2_X4)
   0.01    0.33 ^ _686_/ZN (NAND2_X4)
   0.02    0.35 ^ rebuffer147/Z (BUF_X4)
   0.01    0.36 v _764_/ZN (NAND2_X4)
   0.02    0.38 ^ _769_/ZN (NAND2_X4)
   0.01    0.39 v _770_/ZN (INV_X8)
   0.02    0.41 v rebuffer179/Z (BUF_X8)
   0.03    0.44 ^ clone167/ZN (NAND2_X4)
   0.02    0.45 v _787_/ZN (NAND2_X2)
   0.02    0.47 ^ _788_/ZN (OAI21_X2)
   0.02    0.49 v _789_/ZN (NAND2_X1)
   0.02    0.51 ^ _792_/ZN (NAND2_X1)
   0.00    0.51 ^ dpath.a_reg.out[10]$_DFFE_PP_/D (DFF_X1)
           0.51   data arrival time

   0.46    0.46   clock core_clock (rise edge)
   0.00    0.46   clock source latency
   0.00    0.46 ^ clk (in)
   0.03    0.49 ^ clkbuf_0_clk/Z (CLKBUF_X3)
   0.04    0.53 ^ clkbuf_2_2__f_clk/Z (CLKBUF_X3)
   0.00    0.53 ^ dpath.a_reg.out[10]$_DFFE_PP_/CK (DFF_X1)
   0.00    0.53   clock reconvergence pessimism
  -0.03    0.50   library setup time
           0.50   data required time
---------------------------------------------------------
           0.50   data required time
          -0.51   data arrival time
---------------------------------------------------------
          -0.01   slack (VIOLATED)



==========================================================================
finish report_checks -path_delay min reg to reg
--------------------------------------------------------------------------
Startpoint: ctrl.state.out[1]$_DFF_P_
            (rising edge-triggered flip-flop clocked by core_clock)
Endpoint: ctrl.state.out[1]$_DFF_P_
          (rising edge-triggered flip-flop clocked by core_clock)
Path Group: core_clock
Path Type: min

  Delay    Time   Description
---------------------------------------------------------
   0.00    0.00   clock core_clock (rise edge)
   0.00    0.00   clock source latency
   0.00    0.00 ^ clk (in)
   0.03    0.03 ^ clkbuf_0_clk/Z (CLKBUF_X3)
   0.04    0.07 ^ clkbuf_2_2__f_clk/Z (CLKBUF_X3)
   0.00    0.07 ^ ctrl.state.out[1]$_DFF_P_/CK (DFF_X1)
   0.09    0.16 v ctrl.state.out[1]$_DFF_P_/Q (DFF_X1)
   0.02    0.17 ^ _519_/ZN (NAND2_X1)
   0.01    0.19 v _520_/ZN (OAI21_X1)
   0.00    0.19 v ctrl.state.out[1]$_DFF_P_/D (DFF_X1)
           0.19   data arrival time

   0.00    0.00   clock core_clock (rise edge)
   0.00    0.00   clock source latency
   0.00    0.00 ^ clk (in)
   0.03    0.03 ^ clkbuf_0_clk/Z (CLKBUF_X3)
   0.04    0.07 ^ clkbuf_2_2__f_clk/Z (CLKBUF_X3)
   0.00    0.07 ^ ctrl.state.out[1]$_DFF_P_/CK (DFF_X1)
   0.00    0.07   clock reconvergence pessimism
   0.00    0.07   library hold time
           0.07   data required time
---------------------------------------------------------
           0.07   data required time
          -0.19   data arrival time
---------------------------------------------------------
           0.11   slack (MET)



==========================================================================
finish critical path target clock latency max path
--------------------------------------------------------------------------
0.0704

==========================================================================
finish critical path target clock latency min path
--------------------------------------------------------------------------
0.0703

==========================================================================
finish critical path source clock latency min path
--------------------------------------------------------------------------
0.0000

==========================================================================
finish critical path delay
--------------------------------------------------------------------------
0.4196

==========================================================================
finish critical path slack
--------------------------------------------------------------------------
-0.0516

==========================================================================
finish slack div critical path delay
--------------------------------------------------------------------------
-12.297426

==========================================================================
finish report_power
--------------------------------------------------------------------------
Group                  Internal  Switching    Leakage      Total
                          Power      Power      Power      Power (Watts)
----------------------------------------------------------------
Sequential             5.04e-04   1.27e-04   2.80e-06   6.34e-04  15.5%
Combinational          1.59e-03   1.56e-03   2.03e-05   3.17e-03  77.4%
Clock                  1.28e-04   1.63e-04   1.93e-07   2.91e-04   7.1%
Macro                  0.00e+00   0.00e+00   0.00e+00   0.00e+00   0.0%
Pad                    0.00e+00   0.00e+00   0.00e+00   0.00e+00   0.0%
----------------------------------------------------------------
Total                  2.22e-03   1.85e-03   2.33e-05   4.09e-03 100.0%
                          54.2%      45.2%       0.6%
