
==========================================================================
finish report_tns
--------------------------------------------------------------------------
tns max -11.93

==========================================================================
finish report_wns
--------------------------------------------------------------------------
wns max -0.33

==========================================================================
finish report_worst_slack
--------------------------------------------------------------------------
worst slack max -0.33

==========================================================================
finish report_clock_min_period
--------------------------------------------------------------------------
core_clock period_min = 0.79 fmax = 1266.38

==========================================================================
finish report_clock_skew
--------------------------------------------------------------------------
Clock core_clock
   0.07 source latency dpath.a_reg.out[11]$_DFFE_PP_/CK ^
  -0.07 target latency dpath.a_reg.out[3]$_DFFE_PP_/CK ^
   0.00 CRPR
--------------
  -0.00 setup skew


==========================================================================
finish report_checks -path_delay min
--------------------------------------------------------------------------
Startpoint: req_val (input port clocked by core_clock)
Endpoint: ctrl.state.out[0]$_DFF_P_
          (rising edge-triggered flip-flop clocked by core_clock)
Path Group: core_clock
Path Type: min

Fanout     Cap    Slew   Delay    Time   Description
-----------------------------------------------------------------------------
                          0.00    0.00   clock core_clock (rise edge)
                          0.00    0.00   clock network delay (propagated)
                          0.09    0.09 ^ input external delay
     1    1.56    0.00    0.00    0.09 ^ req_val (in)
                                         req_val (net)
                  0.00    0.00    0.09 ^ input33/A (BUF_X1)
     2    3.62    0.01    0.02    0.12 ^ input33/Z (BUF_X1)
                                         net33 (net)
                  0.01    0.00    0.12 ^ _387_/B2 (OAI21_X1)
     1    1.33    0.01    0.02    0.13 v _387_/ZN (OAI21_X1)
                                         _000_ (net)
                  0.01    0.00    0.13 v ctrl.state.out[0]$_DFF_P_/D (DFF_X1)
                                  0.13   data arrival time

                          0.00    0.00   clock core_clock (rise edge)
                          0.00    0.00   clock source latency
     1    3.70    0.00    0.00    0.00 ^ clk (in)
                                         clk (net)
                  0.00    0.00    0.00 ^ clkbuf_0_clk/A (CLKBUF_X3)
     4   10.08    0.01    0.03    0.03 ^ clkbuf_0_clk/Z (CLKBUF_X3)
                                         clknet_0_clk (net)
                  0.01    0.00    0.03 ^ clkbuf_2_2__f_clk/A (CLKBUF_X3)
    11   13.91    0.01    0.04    0.07 ^ clkbuf_2_2__f_clk/Z (CLKBUF_X3)
                                         clknet_2_2__leaf_clk (net)
                  0.01    0.00    0.07 ^ ctrl.state.out[0]$_DFF_P_/CK (DFF_X1)
                          0.00    0.07   clock reconvergence pessimism
                          0.00    0.08   library hold time
                                  0.08   data required time
-----------------------------------------------------------------------------
                                  0.08   data required time
                                 -0.13   data arrival time
-----------------------------------------------------------------------------
                                  0.05   slack (MET)



==========================================================================
finish report_checks -path_delay max
--------------------------------------------------------------------------
Startpoint: dpath.b_reg.out[5]$_DFFE_PP_
            (rising edge-triggered flip-flop clocked by core_clock)
Endpoint: resp_msg[14] (output port clocked by core_clock)
Path Group: core_clock
Path Type: max

Fanout     Cap    Slew   Delay    Time   Description
-----------------------------------------------------------------------------
                          0.00    0.00   clock core_clock (rise edge)
                          0.00    0.00   clock source latency
     1    3.70    0.00    0.00    0.00 ^ clk (in)
                                         clk (net)
                  0.00    0.00    0.00 ^ clkbuf_0_clk/A (CLKBUF_X3)
     4   10.08    0.01    0.03    0.03 ^ clkbuf_0_clk/Z (CLKBUF_X3)
                                         clknet_0_clk (net)
                  0.01    0.00    0.03 ^ clkbuf_2_2__f_clk/A (CLKBUF_X3)
    11   13.91    0.01    0.04    0.07 ^ clkbuf_2_2__f_clk/Z (CLKBUF_X3)
                                         clknet_2_2__leaf_clk (net)
                  0.01    0.00    0.07 ^ dpath.b_reg.out[5]$_DFFE_PP_/CK (DFF_X1)
     2    5.76    0.01    0.09    0.16 v dpath.b_reg.out[5]$_DFFE_PP_/Q (DFF_X1)
                                         dpath.a_lt_b$in1[5] (net)
                  0.01    0.00    0.16 v _418_/B (XOR2_X2)
     2    4.87    0.01    0.06    0.22 v _418_/Z (XOR2_X2)
                                         _096_ (net)
                  0.01    0.00    0.22 v _427_/A4 (OR4_X4)
     1    3.42    0.02    0.11    0.33 v _427_/ZN (OR4_X4)
                                         _104_ (net)
                  0.02    0.00    0.33 v _428_/B (AOI211_X2)
     1    3.72    0.04    0.07    0.39 ^ _428_/ZN (AOI211_X2)
                                         _105_ (net)
                  0.04    0.00    0.39 ^ _430_/B (AOI211_X2)
     2    7.89    0.02    0.02    0.42 v _430_/ZN (AOI211_X2)
                                         _107_ (net)
                  0.02    0.00    0.42 v _445_/B1 (OAI21_X4)
     3    7.38    0.02    0.03    0.45 ^ _445_/ZN (OAI21_X4)
                                         _120_ (net)
                  0.02    0.00    0.45 ^ _485_/B1 (OAI221_X2)
     2    3.01    0.02    0.03    0.48 v _485_/ZN (OAI221_X2)
                                         _156_ (net)
                  0.02    0.00    0.48 v rebuffer267/A (BUF_X1)
     1    3.05    0.01    0.03    0.51 v rebuffer267/Z (BUF_X1)
                                         net267 (net)
                  0.01    0.00    0.51 v _498_/B1 (OAI21_X2)
     2    3.86    0.02    0.03    0.54 ^ _498_/ZN (OAI21_X2)
                                         _167_ (net)
                  0.02    0.00    0.54 ^ _506_/A (AOI221_X1)
     1    1.57    0.01    0.02    0.56 v _506_/ZN (AOI221_X1)
                                         _175_ (net)
                  0.01    0.00    0.56 v _510_/A2 (OR3_X2)
     1    4.13    0.01    0.07    0.63 v _510_/ZN (OR3_X2)
                                         _179_ (net)
                  0.01    0.00    0.63 v _517_/A (XNOR2_X2)
     2    3.06    0.01    0.04    0.67 v _517_/ZN (XNOR2_X2)
                                         _186_ (net)
                  0.01    0.00    0.67 v _518_/A (INV_X1)
     1    0.99    0.01    0.01    0.68 ^ _518_/ZN (INV_X1)
                                         net42 (net)
                  0.01    0.00    0.68 ^ output42/A (BUF_X1)
     1    0.39    0.00    0.02    0.70 ^ output42/Z (BUF_X1)
                                         resp_msg[14] (net)
                  0.00    0.00    0.70 ^ resp_msg[14] (out)
                                  0.70   data arrival time

                          0.46    0.46   clock core_clock (rise edge)
                          0.00    0.46   clock network delay (propagated)
                          0.00    0.46   clock reconvergence pessimism
                         -0.09    0.37   output external delay
                                  0.37   data required time
-----------------------------------------------------------------------------
                                  0.37   data required time
                                 -0.70   data arrival time
-----------------------------------------------------------------------------
                                 -0.33   slack (VIOLATED)



==========================================================================
finish report_checks -unconstrained
--------------------------------------------------------------------------
Startpoint: dpath.b_reg.out[5]$_DFFE_PP_
            (rising edge-triggered flip-flop clocked by core_clock)
Endpoint: resp_msg[14] (output port clocked by core_clock)
Path Group: core_clock
Path Type: max

Fanout     Cap    Slew   Delay    Time   Description
-----------------------------------------------------------------------------
                          0.00    0.00   clock core_clock (rise edge)
                          0.00    0.00   clock source latency
     1    3.70    0.00    0.00    0.00 ^ clk (in)
                                         clk (net)
                  0.00    0.00    0.00 ^ clkbuf_0_clk/A (CLKBUF_X3)
     4   10.08    0.01    0.03    0.03 ^ clkbuf_0_clk/Z (CLKBUF_X3)
                                         clknet_0_clk (net)
                  0.01    0.00    0.03 ^ clkbuf_2_2__f_clk/A (CLKBUF_X3)
    11   13.91    0.01    0.04    0.07 ^ clkbuf_2_2__f_clk/Z (CLKBUF_X3)
                                         clknet_2_2__leaf_clk (net)
                  0.01    0.00    0.07 ^ dpath.b_reg.out[5]$_DFFE_PP_/CK (DFF_X1)
     2    5.76    0.01    0.09    0.16 v dpath.b_reg.out[5]$_DFFE_PP_/Q (DFF_X1)
                                         dpath.a_lt_b$in1[5] (net)
                  0.01    0.00    0.16 v _418_/B (XOR2_X2)
     2    4.87    0.01    0.06    0.22 v _418_/Z (XOR2_X2)
                                         _096_ (net)
                  0.01    0.00    0.22 v _427_/A4 (OR4_X4)
     1    3.42    0.02    0.11    0.33 v _427_/ZN (OR4_X4)
                                         _104_ (net)
                  0.02    0.00    0.33 v _428_/B (AOI211_X2)
     1    3.72    0.04    0.07    0.39 ^ _428_/ZN (AOI211_X2)
                                         _105_ (net)
                  0.04    0.00    0.39 ^ _430_/B (AOI211_X2)
     2    7.89    0.02    0.02    0.42 v _430_/ZN (AOI211_X2)
                                         _107_ (net)
                  0.02    0.00    0.42 v _445_/B1 (OAI21_X4)
     3    7.38    0.02    0.03    0.45 ^ _445_/ZN (OAI21_X4)
                                         _120_ (net)
                  0.02    0.00    0.45 ^ _485_/B1 (OAI221_X2)
     2    3.01    0.02    0.03    0.48 v _485_/ZN (OAI221_X2)
                                         _156_ (net)
                  0.02    0.00    0.48 v rebuffer267/A (BUF_X1)
     1    3.05    0.01    0.03    0.51 v rebuffer267/Z (BUF_X1)
                                         net267 (net)
                  0.01    0.00    0.51 v _498_/B1 (OAI21_X2)
     2    3.86    0.02    0.03    0.54 ^ _498_/ZN (OAI21_X2)
                                         _167_ (net)
                  0.02    0.00    0.54 ^ _506_/A (AOI221_X1)
     1    1.57    0.01    0.02    0.56 v _506_/ZN (AOI221_X1)
                                         _175_ (net)
                  0.01    0.00    0.56 v _510_/A2 (OR3_X2)
     1    4.13    0.01    0.07    0.63 v _510_/ZN (OR3_X2)
                                         _179_ (net)
                  0.01    0.00    0.63 v _517_/A (XNOR2_X2)
     2    3.06    0.01    0.04    0.67 v _517_/ZN (XNOR2_X2)
                                         _186_ (net)
                  0.01    0.00    0.67 v _518_/A (INV_X1)
     1    0.99    0.01    0.01    0.68 ^ _518_/ZN (INV_X1)
                                         net42 (net)
                  0.01    0.00    0.68 ^ output42/A (BUF_X1)
     1    0.39    0.00    0.02    0.70 ^ output42/Z (BUF_X1)
                                         resp_msg[14] (net)
                  0.00    0.00    0.70 ^ resp_msg[14] (out)
                                  0.70   data arrival time

                          0.46    0.46   clock core_clock (rise edge)
                          0.00    0.46   clock network delay (propagated)
                          0.00    0.46   clock reconvergence pessimism
                         -0.09    0.37   output external delay
                                  0.37   data required time
-----------------------------------------------------------------------------
                                  0.37   data required time
                                 -0.70   data arrival time
-----------------------------------------------------------------------------
                                 -0.33   slack (VIOLATED)



==========================================================================
finish report_check_types -max_slew -max_cap -max_fanout -violators
--------------------------------------------------------------------------

==========================================================================
finish max_slew_check_slack
--------------------------------------------------------------------------
0.06739111989736557

==========================================================================
finish max_slew_check_limit
--------------------------------------------------------------------------
0.1985349953174591

==========================================================================
finish max_slew_check_slack_limit
--------------------------------------------------------------------------
0.3394

==========================================================================
finish max_fanout_check_slack
--------------------------------------------------------------------------
1.0000000150474662e+30

==========================================================================
finish max_fanout_check_limit
--------------------------------------------------------------------------
1.0000000150474662e+30

==========================================================================
finish max_capacitance_check_slack
--------------------------------------------------------------------------
1.8418900966644287

==========================================================================
finish max_capacitance_check_limit
--------------------------------------------------------------------------
60.27220153808594

==========================================================================
finish max_capacitance_check_slack_limit
--------------------------------------------------------------------------
0.0306

==========================================================================
finish max_slew_violation_count
--------------------------------------------------------------------------
max slew violation count 0

==========================================================================
finish max_fanout_violation_count
--------------------------------------------------------------------------
max fanout violation count 0

==========================================================================
finish max_cap_violation_count
--------------------------------------------------------------------------
max cap violation count 0

==========================================================================
finish setup_violation_count
--------------------------------------------------------------------------
setup violation count 45

==========================================================================
finish hold_violation_count
--------------------------------------------------------------------------
hold violation count 0

==========================================================================
finish report_checks -path_delay max reg to reg
--------------------------------------------------------------------------
Startpoint: dpath.b_reg.out[5]$_DFFE_PP_
            (rising edge-triggered flip-flop clocked by core_clock)
Endpoint: dpath.a_reg.out[10]$_DFFE_PP_
          (rising edge-triggered flip-flop clocked by core_clock)
Path Group: core_clock
Path Type: max

  Delay    Time   Description
---------------------------------------------------------
   0.00    0.00   clock core_clock (rise edge)
   0.00    0.00   clock source latency
   0.00    0.00 ^ clk (in)
   0.03    0.03 ^ clkbuf_0_clk/Z (CLKBUF_X3)
   0.04    0.07 ^ clkbuf_2_2__f_clk/Z (CLKBUF_X3)
   0.00    0.07 ^ dpath.b_reg.out[5]$_DFFE_PP_/CK (DFF_X1)
   0.09    0.16 v dpath.b_reg.out[5]$_DFFE_PP_/Q (DFF_X1)
   0.06    0.22 v _418_/Z (XOR2_X2)
   0.11    0.33 v _427_/ZN (OR4_X4)
   0.07    0.39 ^ _428_/ZN (AOI211_X2)
   0.02    0.42 v _430_/ZN (AOI211_X2)
   0.03    0.45 v rebuffer346/Z (BUF_X1)
   0.02    0.48 v rebuffer263/Z (BUF_X4)
   0.04    0.52 ^ _462_/ZN (OAI221_X2)
   0.03    0.55 v _477_/ZN (NAND3_X2)
   0.03    0.58 v rebuffer355/Z (BUF_X4)
   0.03    0.60 ^ _545_/ZN (AOI21_X4)
   0.02    0.63 v _548_/ZN (OAI21_X4)
   0.08    0.71 ^ _559_/ZN (AOI221_X2)
   0.01    0.73 v _565_/ZN (NOR4_X2)
   0.06    0.79 ^ _570_/ZN (AOI221_X2)
   0.00    0.79 ^ dpath.a_reg.out[10]$_DFFE_PP_/D (DFF_X1)
           0.79   data arrival time

   0.46    0.46   clock core_clock (rise edge)
   0.00    0.46   clock source latency
   0.00    0.46 ^ clk (in)
   0.03    0.49 ^ clkbuf_0_clk/Z (CLKBUF_X3)
   0.04    0.53 ^ clkbuf_2_0__f_clk/Z (CLKBUF_X3)
   0.00    0.53 ^ dpath.a_reg.out[10]$_DFFE_PP_/CK (DFF_X1)
   0.00    0.53   clock reconvergence pessimism
  -0.04    0.50   library setup time
           0.50   data required time
---------------------------------------------------------
           0.50   data required time
          -0.79   data arrival time
---------------------------------------------------------
          -0.29   slack (VIOLATED)



==========================================================================
finish report_checks -path_delay min reg to reg
--------------------------------------------------------------------------
Startpoint: ctrl.state.out[1]$_DFF_P_
            (rising edge-triggered flip-flop clocked by core_clock)
Endpoint: ctrl.state.out[1]$_DFF_P_
          (rising edge-triggered flip-flop clocked by core_clock)
Path Group: core_clock
Path Type: min

  Delay    Time   Description
---------------------------------------------------------
   0.00    0.00   clock core_clock (rise edge)
   0.00    0.00   clock source latency
   0.00    0.00 ^ clk (in)
   0.03    0.03 ^ clkbuf_0_clk/Z (CLKBUF_X3)
   0.04    0.07 ^ clkbuf_2_2__f_clk/Z (CLKBUF_X3)
   0.00    0.07 ^ ctrl.state.out[1]$_DFF_P_/CK (DFF_X1)
   0.09    0.17 ^ ctrl.state.out[1]$_DFF_P_/Q (DFF_X1)
   0.02    0.18 v _382_/ZN (AOI21_X1)
   0.01    0.19 ^ _383_/ZN (INV_X1)
   0.00    0.19 ^ ctrl.state.out[1]$_DFF_P_/D (DFF_X1)
           0.19   data arrival time

   0.00    0.00   clock core_clock (rise edge)
   0.00    0.00   clock source latency
   0.00    0.00 ^ clk (in)
   0.03    0.03 ^ clkbuf_0_clk/Z (CLKBUF_X3)
   0.04    0.07 ^ clkbuf_2_2__f_clk/Z (CLKBUF_X3)
   0.00    0.07 ^ ctrl.state.out[1]$_DFF_P_/CK (DFF_X1)
   0.00    0.07   clock reconvergence pessimism
   0.01    0.08   library hold time
           0.08   data required time
---------------------------------------------------------
           0.08   data required time
          -0.19   data arrival time
---------------------------------------------------------
           0.11   slack (MET)



==========================================================================
finish critical path target clock latency max path
--------------------------------------------------------------------------
0.0717

==========================================================================
finish critical path target clock latency min path
--------------------------------------------------------------------------
0.0722

==========================================================================
finish critical path source clock latency min path
--------------------------------------------------------------------------
0.0000

==========================================================================
finish critical path delay
--------------------------------------------------------------------------
0.6977

==========================================================================
finish critical path slack
--------------------------------------------------------------------------
-0.3297

==========================================================================
finish slack div critical path delay
--------------------------------------------------------------------------
-47.255267

==========================================================================
finish report_power
--------------------------------------------------------------------------
Group                  Internal  Switching    Leakage      Total
                          Power      Power      Power      Power (Watts)
----------------------------------------------------------------
Sequential             5.06e-04   1.03e-04   2.77e-06   6.12e-04  14.3%
Combinational          1.93e-03   1.41e-03   1.89e-05   3.36e-03  78.5%
Clock                  1.36e-04   1.75e-04   2.21e-07   3.11e-04   7.3%
Macro                  0.00e+00   0.00e+00   0.00e+00   0.00e+00   0.0%
Pad                    0.00e+00   0.00e+00   0.00e+00   0.00e+00   0.0%
----------------------------------------------------------------
Total                  2.57e-03   1.69e-03   2.19e-05   4.28e-03 100.0%
                          60.0%      39.5%       0.5%
