
==========================================================================
finish report_tns
--------------------------------------------------------------------------
tns max 0.00

==========================================================================
finish report_wns
--------------------------------------------------------------------------
wns max 0.00

==========================================================================
finish report_worst_slack
--------------------------------------------------------------------------
worst slack max 0.04

==========================================================================
finish report_clock_min_period
--------------------------------------------------------------------------
clk period_min = 0.87 fmax = 1153.83

==========================================================================
finish report_clock_skew
--------------------------------------------------------------------------
Clock clk
   0.18 source latency u0.r0.out[25]$_SDFF_PP0_/CK ^
  -0.20 target latency u0.u3.d[4]$_DFF_P_/CK ^
   0.00 CRPR
--------------
  -0.02 setup skew


==========================================================================
finish report_checks -path_delay min
--------------------------------------------------------------------------
Startpoint: text_in[73] (input port clocked by clk)
Endpoint: text_in_r[73]$_DFFE_PP_
          (rising edge-triggered flip-flop clocked by clk)
Path Group: clk
Path Type: min

Fanout     Cap    Slew   Delay    Time   Description
-----------------------------------------------------------------------------
                          0.00    0.00   clock clk (rise edge)
                          0.00    0.00   clock network delay (propagated)
                          0.18    0.18 ^ input external delay
     1    2.16    0.00    0.00    0.18 ^ text_in[73] (in)
                                         text_in[73] (net)
                  0.00    0.00    0.18 ^ input229/A (BUF_X1)
     1    2.38    0.01    0.02    0.20 ^ input229/Z (BUF_X1)
                                         net229 (net)
                  0.01    0.00    0.20 ^ _14252_/B (MUX2_X1)
     1    1.40    0.01    0.03    0.23 ^ _14252_/Z (MUX2_X1)
                                         _02333_ (net)
                  0.01    0.00    0.23 ^ text_in_r[73]$_DFFE_PP_/D (DFF_X1)
                                  0.23   data arrival time

                          0.00    0.00   clock clk (rise edge)
                          0.00    0.00   clock source latency
     1   17.50    0.00    0.00    0.00 ^ clk (in)
                                         clk (net)
                  0.00    0.00    0.00 ^ clkbuf_0_clk/A (CLKBUF_X3)
     8   49.66    0.04    0.06    0.07 ^ clkbuf_0_clk/Z (CLKBUF_X3)
                                         clknet_0_clk (net)
                  0.04    0.00    0.07 ^ clkbuf_3_3__f_clk/A (CLKBUF_X3)
    10   49.85    0.04    0.08    0.15 ^ clkbuf_3_3__f_clk/Z (CLKBUF_X3)
                                         clknet_3_3__leaf_clk (net)
                  0.04    0.00    0.15 ^ clkbuf_leaf_21_clk/A (CLKBUF_X3)
     5   10.26    0.01    0.05    0.20 ^ clkbuf_leaf_21_clk/Z (CLKBUF_X3)
                                         clknet_leaf_21_clk (net)
                  0.01    0.00    0.20 ^ text_in_r[73]$_DFFE_PP_/CK (DFF_X1)
                          0.00    0.20   clock reconvergence pessimism
                          0.01    0.21   library hold time
                                  0.21   data required time
-----------------------------------------------------------------------------
                                  0.21   data required time
                                 -0.23   data arrival time
-----------------------------------------------------------------------------
                                  0.03   slack (MET)



==========================================================================
finish report_checks -path_delay max
--------------------------------------------------------------------------
Startpoint: sa13_sr[7]$_DFF_P_ (rising edge-triggered flip-flop clocked by clk)
Endpoint: sa03_sr[0]$_DFF_P_ (rising edge-triggered flip-flop clocked by clk)
Path Group: clk
Path Type: max

Fanout     Cap    Slew   Delay    Time   Description
-----------------------------------------------------------------------------
                          0.00    0.00   clock clk (rise edge)
                          0.00    0.00   clock source latency
     1   17.50    0.00    0.00    0.00 ^ clk (in)
                                         clk (net)
                  0.00    0.00    0.00 ^ clkbuf_0_clk/A (CLKBUF_X3)
     8   49.66    0.04    0.06    0.07 ^ clkbuf_0_clk/Z (CLKBUF_X3)
                                         clknet_0_clk (net)
                  0.04    0.00    0.07 ^ clkbuf_3_0__f_clk/A (CLKBUF_X3)
    10   43.25    0.03    0.07    0.14 ^ clkbuf_3_0__f_clk/Z (CLKBUF_X3)
                                         clknet_3_0__leaf_clk (net)
                  0.03    0.00    0.14 ^ clkbuf_leaf_0_clk/A (CLKBUF_X3)
     7    9.86    0.01    0.05    0.19 ^ clkbuf_leaf_0_clk/Z (CLKBUF_X3)
                                         clknet_leaf_0_clk (net)
                  0.01    0.00    0.19 ^ sa13_sr[7]$_DFF_P_/CK (DFF_X1)
     5   21.22    0.05    0.13    0.32 ^ sa13_sr[7]$_DFF_P_/Q (DFF_X1)
                                         _00636_ (net)
                  0.05    0.00    0.32 ^ _22006_/A (XNOR2_X1)
     5   13.91    0.07    0.08    0.40 ^ _22006_/ZN (XNOR2_X1)
                                         _10087_ (net)
                  0.07    0.00    0.40 ^ _22040_/B (XOR2_X1)
     1    2.55    0.03    0.06    0.46 ^ _22040_/Z (XOR2_X1)
                                         _10121_ (net)
                  0.03    0.00    0.46 ^ _22044_/A (XNOR2_X1)
     1    3.19    0.03    0.05    0.51 ^ _22044_/ZN (XNOR2_X1)
                                         _10125_ (net)
                  0.03    0.00    0.51 ^ _22047_/S (MUX2_X1)
     5   14.60    0.02    0.09    0.59 v _22047_/Z (MUX2_X1)
                                         _10128_ (net)
                  0.02    0.00    0.59 v _22052_/A1 (NOR2_X4)
     9   27.51    0.04    0.05    0.65 ^ _22052_/ZN (NOR2_X4)
                                         _10133_ (net)
                  0.04    0.00    0.65 ^ place4740/A (BUF_X4)
    31   71.07    0.04    0.06    0.71 ^ place4740/Z (BUF_X4)
                                         net4740 (net)
                  0.04    0.01    0.72 ^ place4739/A (BUF_X1)
     9   19.23    0.05    0.07    0.79 ^ place4739/Z (BUF_X1)
                                         net4739 (net)
                  0.05    0.00    0.79 ^ _22605_/A1 (NOR2_X1)
     2    3.45    0.02    0.02    0.81 v _22605_/ZN (NOR2_X1)
                                         _10686_ (net)
                  0.02    0.00    0.81 v _22610_/B2 (AOI22_X1)
     1    2.19    0.03    0.05    0.86 ^ _22610_/ZN (AOI22_X1)
                                         _10691_ (net)
                  0.03    0.00    0.86 ^ _22615_/B1 (AOI21_X1)
     1    1.61    0.02    0.02    0.88 v _22615_/ZN (AOI21_X1)
                                         _10696_ (net)
                  0.02    0.00    0.88 v _22616_/B3 (OAI33_X1)
     1    4.33    0.08    0.10    0.98 ^ _22616_/ZN (OAI33_X1)
                                         _10697_ (net)
                  0.08    0.00    0.98 ^ _22643_/B1 (OAI21_X1)
     1    2.91    0.02    0.03    1.01 v _22643_/ZN (OAI21_X1)
                                         _10724_ (net)
                  0.02    0.00    1.01 v sa03_sr[0]$_DFF_P_/D (DFF_X1)
                                  1.01   data arrival time

                          0.90    0.90   clock clk (rise edge)
                          0.00    0.90   clock source latency
     1   17.50    0.00    0.00    0.90 ^ clk (in)
                                         clk (net)
                  0.00    0.00    0.90 ^ clkbuf_0_clk/A (CLKBUF_X3)
     8   49.66    0.04    0.06    0.97 ^ clkbuf_0_clk/Z (CLKBUF_X3)
                                         clknet_0_clk (net)
                  0.04    0.00    0.97 ^ clkbuf_3_2__f_clk/A (CLKBUF_X3)
    14   37.21    0.03    0.07    1.04 ^ clkbuf_3_2__f_clk/Z (CLKBUF_X3)
                                         clknet_3_2__leaf_clk (net)
                  0.03    0.00    1.04 ^ clkbuf_leaf_18_clk/A (CLKBUF_X3)
     7   10.83    0.01    0.04    1.09 ^ clkbuf_leaf_18_clk/Z (CLKBUF_X3)
                                         clknet_leaf_18_clk (net)
                  0.01    0.00    1.09 ^ sa03_sr[0]$_DFF_P_/CK (DFF_X1)
                          0.00    1.09   clock reconvergence pessimism
                         -0.04    1.04   library setup time
                                  1.04   data required time
-----------------------------------------------------------------------------
                                  1.04   data required time
                                 -1.01   data arrival time
-----------------------------------------------------------------------------
                                  0.04   slack (MET)



==========================================================================
finish report_checks -unconstrained
--------------------------------------------------------------------------
Startpoint: sa13_sr[7]$_DFF_P_ (rising edge-triggered flip-flop clocked by clk)
Endpoint: sa03_sr[0]$_DFF_P_ (rising edge-triggered flip-flop clocked by clk)
Path Group: clk
Path Type: max

Fanout     Cap    Slew   Delay    Time   Description
-----------------------------------------------------------------------------
                          0.00    0.00   clock clk (rise edge)
                          0.00    0.00   clock source latency
     1   17.50    0.00    0.00    0.00 ^ clk (in)
                                         clk (net)
                  0.00    0.00    0.00 ^ clkbuf_0_clk/A (CLKBUF_X3)
     8   49.66    0.04    0.06    0.07 ^ clkbuf_0_clk/Z (CLKBUF_X3)
                                         clknet_0_clk (net)
                  0.04    0.00    0.07 ^ clkbuf_3_0__f_clk/A (CLKBUF_X3)
    10   43.25    0.03    0.07    0.14 ^ clkbuf_3_0__f_clk/Z (CLKBUF_X3)
                                         clknet_3_0__leaf_clk (net)
                  0.03    0.00    0.14 ^ clkbuf_leaf_0_clk/A (CLKBUF_X3)
     7    9.86    0.01    0.05    0.19 ^ clkbuf_leaf_0_clk/Z (CLKBUF_X3)
                                         clknet_leaf_0_clk (net)
                  0.01    0.00    0.19 ^ sa13_sr[7]$_DFF_P_/CK (DFF_X1)
     5   21.22    0.05    0.13    0.32 ^ sa13_sr[7]$_DFF_P_/Q (DFF_X1)
                                         _00636_ (net)
                  0.05    0.00    0.32 ^ _22006_/A (XNOR2_X1)
     5   13.91    0.07    0.08    0.40 ^ _22006_/ZN (XNOR2_X1)
                                         _10087_ (net)
                  0.07    0.00    0.40 ^ _22040_/B (XOR2_X1)
     1    2.55    0.03    0.06    0.46 ^ _22040_/Z (XOR2_X1)
                                         _10121_ (net)
                  0.03    0.00    0.46 ^ _22044_/A (XNOR2_X1)
     1    3.19    0.03    0.05    0.51 ^ _22044_/ZN (XNOR2_X1)
                                         _10125_ (net)
                  0.03    0.00    0.51 ^ _22047_/S (MUX2_X1)
     5   14.60    0.02    0.09    0.59 v _22047_/Z (MUX2_X1)
                                         _10128_ (net)
                  0.02    0.00    0.59 v _22052_/A1 (NOR2_X4)
     9   27.51    0.04    0.05    0.65 ^ _22052_/ZN (NOR2_X4)
                                         _10133_ (net)
                  0.04    0.00    0.65 ^ place4740/A (BUF_X4)
    31   71.07    0.04    0.06    0.71 ^ place4740/Z (BUF_X4)
                                         net4740 (net)
                  0.04    0.01    0.72 ^ place4739/A (BUF_X1)
     9   19.23    0.05    0.07    0.79 ^ place4739/Z (BUF_X1)
                                         net4739 (net)
                  0.05    0.00    0.79 ^ _22605_/A1 (NOR2_X1)
     2    3.45    0.02    0.02    0.81 v _22605_/ZN (NOR2_X1)
                                         _10686_ (net)
                  0.02    0.00    0.81 v _22610_/B2 (AOI22_X1)
     1    2.19    0.03    0.05    0.86 ^ _22610_/ZN (AOI22_X1)
                                         _10691_ (net)
                  0.03    0.00    0.86 ^ _22615_/B1 (AOI21_X1)
     1    1.61    0.02    0.02    0.88 v _22615_/ZN (AOI21_X1)
                                         _10696_ (net)
                  0.02    0.00    0.88 v _22616_/B3 (OAI33_X1)
     1    4.33    0.08    0.10    0.98 ^ _22616_/ZN (OAI33_X1)
                                         _10697_ (net)
                  0.08    0.00    0.98 ^ _22643_/B1 (OAI21_X1)
     1    2.91    0.02    0.03    1.01 v _22643_/ZN (OAI21_X1)
                                         _10724_ (net)
                  0.02    0.00    1.01 v sa03_sr[0]$_DFF_P_/D (DFF_X1)
                                  1.01   data arrival time

                          0.90    0.90   clock clk (rise edge)
                          0.00    0.90   clock source latency
     1   17.50    0.00    0.00    0.90 ^ clk (in)
                                         clk (net)
                  0.00    0.00    0.90 ^ clkbuf_0_clk/A (CLKBUF_X3)
     8   49.66    0.04    0.06    0.97 ^ clkbuf_0_clk/Z (CLKBUF_X3)
                                         clknet_0_clk (net)
                  0.04    0.00    0.97 ^ clkbuf_3_2__f_clk/A (CLKBUF_X3)
    14   37.21    0.03    0.07    1.04 ^ clkbuf_3_2__f_clk/Z (CLKBUF_X3)
                                         clknet_3_2__leaf_clk (net)
                  0.03    0.00    1.04 ^ clkbuf_leaf_18_clk/A (CLKBUF_X3)
     7   10.83    0.01    0.04    1.09 ^ clkbuf_leaf_18_clk/Z (CLKBUF_X3)
                                         clknet_leaf_18_clk (net)
                  0.01    0.00    1.09 ^ sa03_sr[0]$_DFF_P_/CK (DFF_X1)
                          0.00    1.09   clock reconvergence pessimism
                         -0.04    1.04   library setup time
                                  1.04   data required time
-----------------------------------------------------------------------------
                                  1.04   data required time
                                 -1.01   data arrival time
-----------------------------------------------------------------------------
                                  0.04   slack (MET)



==========================================================================
finish report_check_types -max_slew -max_cap -max_fanout -violators
--------------------------------------------------------------------------

==========================================================================
finish max_slew_check_slack
--------------------------------------------------------------------------
0.087184838950634

==========================================================================
finish max_slew_check_limit
--------------------------------------------------------------------------
0.1985349953174591

==========================================================================
finish max_slew_check_slack_limit
--------------------------------------------------------------------------
0.4391

==========================================================================
finish max_fanout_check_slack
--------------------------------------------------------------------------
1.0000000150474662e+30

==========================================================================
finish max_fanout_check_limit
--------------------------------------------------------------------------
1.0000000150474662e+30

==========================================================================
finish max_capacitance_check_slack
--------------------------------------------------------------------------
3.3566339015960693

==========================================================================
finish max_capacitance_check_limit
--------------------------------------------------------------------------
26.016199111938477

==========================================================================
finish max_capacitance_check_slack_limit
--------------------------------------------------------------------------
0.1290

==========================================================================
finish max_slew_violation_count
--------------------------------------------------------------------------
max slew violation count 0

==========================================================================
finish max_fanout_violation_count
--------------------------------------------------------------------------
max fanout violation count 0

==========================================================================
finish max_cap_violation_count
--------------------------------------------------------------------------
max cap violation count 0

==========================================================================
finish setup_violation_count
--------------------------------------------------------------------------
setup violation count 0

==========================================================================
finish hold_violation_count
--------------------------------------------------------------------------
hold violation count 0

==========================================================================
finish report_checks -path_delay max reg to reg
--------------------------------------------------------------------------
Startpoint: sa13_sr[7]$_DFF_P_ (rising edge-triggered flip-flop clocked by clk)
Endpoint: sa03_sr[0]$_DFF_P_ (rising edge-triggered flip-flop clocked by clk)
Path Group: clk
Path Type: max

  Delay    Time   Description
---------------------------------------------------------
   0.00    0.00   clock clk (rise edge)
   0.00    0.00   clock source latency
   0.00    0.00 ^ clk (in)
   0.07    0.07 ^ clkbuf_0_clk/Z (CLKBUF_X3)
   0.08    0.14 ^ clkbuf_3_0__f_clk/Z (CLKBUF_X3)
   0.05    0.19 ^ clkbuf_leaf_0_clk/Z (CLKBUF_X3)
   0.00    0.19 ^ sa13_sr[7]$_DFF_P_/CK (DFF_X1)
   0.13    0.32 ^ sa13_sr[7]$_DFF_P_/Q (DFF_X1)
   0.08    0.40 ^ _22006_/ZN (XNOR2_X1)
   0.06    0.46 ^ _22040_/Z (XOR2_X1)
   0.05    0.51 ^ _22044_/ZN (XNOR2_X1)
   0.09    0.59 v _22047_/Z (MUX2_X1)
   0.05    0.65 ^ _22052_/ZN (NOR2_X4)
   0.06    0.71 ^ place4740/Z (BUF_X4)
   0.08    0.79 ^ place4739/Z (BUF_X1)
   0.02    0.81 v _22605_/ZN (NOR2_X1)
   0.05    0.86 ^ _22610_/ZN (AOI22_X1)
   0.02    0.88 v _22615_/ZN (AOI21_X1)
   0.10    0.98 ^ _22616_/ZN (OAI33_X1)
   0.03    1.01 v _22643_/ZN (OAI21_X1)
   0.00    1.01 v sa03_sr[0]$_DFF_P_/D (DFF_X1)
           1.01   data arrival time

   0.90    0.90   clock clk (rise edge)
   0.00    0.90   clock source latency
   0.00    0.90 ^ clk (in)
   0.07    0.97 ^ clkbuf_0_clk/Z (CLKBUF_X3)
   0.07    1.04 ^ clkbuf_3_2__f_clk/Z (CLKBUF_X3)
   0.05    1.09 ^ clkbuf_leaf_18_clk/Z (CLKBUF_X3)
   0.00    1.09 ^ sa03_sr[0]$_DFF_P_/CK (DFF_X1)
   0.00    1.09   clock reconvergence pessimism
  -0.04    1.04   library setup time
           1.04   data required time
---------------------------------------------------------
           1.04   data required time
          -1.01   data arrival time
---------------------------------------------------------
           0.04   slack (MET)



==========================================================================
finish report_checks -path_delay min reg to reg
--------------------------------------------------------------------------
Startpoint: u0.r0.rcnt[0]$_SDFF_PP0_
            (rising edge-triggered flip-flop clocked by clk)
Endpoint: u0.r0.rcnt[0]$_SDFF_PP0_
          (rising edge-triggered flip-flop clocked by clk)
Path Group: clk
Path Type: min

  Delay    Time   Description
---------------------------------------------------------
   0.00    0.00   clock clk (rise edge)
   0.00    0.00   clock source latency
   0.00    0.00 ^ clk (in)
   0.07    0.07 ^ clkbuf_0_clk/Z (CLKBUF_X3)
   0.07    0.14 ^ clkbuf_3_1__f_clk/Z (CLKBUF_X3)
   0.05    0.18 ^ clkbuf_leaf_89_clk/Z (CLKBUF_X3)
   0.00    0.18 ^ u0.r0.rcnt[0]$_SDFF_PP0_/CK (DFF_X1)
   0.08    0.26 ^ u0.r0.rcnt[0]$_SDFF_PP0_/QN (DFF_X1)
   0.02    0.28 v _14076_/ZN (NAND2_X1)
   0.02    0.30 ^ _14075_/ZN (INV_X1)
   0.00    0.30 ^ u0.r0.rcnt[0]$_SDFF_PP0_/D (DFF_X1)
           0.30   data arrival time

   0.00    0.00   clock clk (rise edge)
   0.00    0.00   clock source latency
   0.00    0.00 ^ clk (in)
   0.07    0.07 ^ clkbuf_0_clk/Z (CLKBUF_X3)
   0.07    0.14 ^ clkbuf_3_1__f_clk/Z (CLKBUF_X3)
   0.05    0.18 ^ clkbuf_leaf_89_clk/Z (CLKBUF_X3)
   0.00    0.18 ^ u0.r0.rcnt[0]$_SDFF_PP0_/CK (DFF_X1)
   0.00    0.18   clock reconvergence pessimism
   0.01    0.19   library hold time
           0.19   data required time
---------------------------------------------------------
           0.19   data required time
          -0.30   data arrival time
---------------------------------------------------------
           0.11   slack (MET)



==========================================================================
finish critical path target clock latency max path
--------------------------------------------------------------------------
0.1853

==========================================================================
finish critical path target clock latency min path
--------------------------------------------------------------------------
0.1972

==========================================================================
finish critical path source clock latency min path
--------------------------------------------------------------------------
0.0000

==========================================================================
finish critical path delay
--------------------------------------------------------------------------
1.0087

==========================================================================
finish critical path slack
--------------------------------------------------------------------------
0.0353

==========================================================================
finish slack div critical path delay
--------------------------------------------------------------------------
3.499554

==========================================================================
finish report_power
--------------------------------------------------------------------------
Group                  Internal  Switching    Leakage      Total
                          Power      Power      Power      Power (Watts)
----------------------------------------------------------------
Sequential             8.31e-03   3.66e-03   4.45e-05   1.20e-02   4.2%
Combinational          1.20e-01   1.53e-01   4.03e-04   2.73e-01  94.7%
Clock                  1.50e-03   1.74e-03   4.83e-06   3.25e-03   1.1%
Macro                  0.00e+00   0.00e+00   0.00e+00   0.00e+00   0.0%
Pad                    0.00e+00   0.00e+00   0.00e+00   0.00e+00   0.0%
----------------------------------------------------------------
Total                  1.29e-01   1.58e-01   4.53e-04   2.88e-01 100.0%
                          44.9%      54.9%       0.2%
