
==========================================================================
finish report_tns
--------------------------------------------------------------------------
tns max -0.03

==========================================================================
finish report_wns
--------------------------------------------------------------------------
wns max -0.02

==========================================================================
finish report_worst_slack
--------------------------------------------------------------------------
worst slack max -0.02

==========================================================================
finish report_clock_min_period
--------------------------------------------------------------------------
clk period_min = 0.84 fmax = 1194.68

==========================================================================
finish report_clock_skew
--------------------------------------------------------------------------
Clock clk
   0.20 source latency text_in_r[23]$_DFFE_PP_/CK ^
  -0.18 target latency sa12_sr[7]$_DFF_P_/CK ^
   0.00 CRPR
--------------
   0.02 setup skew


==========================================================================
finish report_checks -path_delay min
--------------------------------------------------------------------------
Startpoint: text_in[109] (input port clocked by clk)
Endpoint: text_in_r[109]$_DFFE_PP_
          (rising edge-triggered flip-flop clocked by clk)
Path Group: clk
Path Type: min

Fanout     Cap    Slew   Delay    Time   Description
-----------------------------------------------------------------------------
                          0.00    0.00   clock clk (rise edge)
                          0.00    0.00   clock network delay (propagated)
                          0.16    0.16 ^ input external delay
     1    4.33    0.00    0.00    0.16 ^ text_in[109] (in)
                                         text_in[109] (net)
                  0.00    0.00    0.16 ^ input141/A (BUF_X1)
     1    1.18    0.01    0.02    0.18 ^ input141/Z (BUF_X1)
                                         net141 (net)
                  0.01    0.00    0.18 ^ _14340_/B (MUX2_X1)
     1    1.28    0.01    0.03    0.21 ^ _14340_/Z (MUX2_X1)
                                         _02421_ (net)
                  0.01    0.00    0.21 ^ text_in_r[109]$_DFFE_PP_/D (DFF_X1)
                                  0.21   data arrival time

                          0.00    0.00   clock clk (rise edge)
                          0.00    0.00   clock source latency
     1   17.36    0.00    0.00    0.00 ^ clk (in)
                                         clk (net)
                  0.00    0.00    0.00 ^ clkbuf_0_clk/A (CLKBUF_X3)
     8   51.40    0.04    0.07    0.07 ^ clkbuf_0_clk/Z (CLKBUF_X3)
                                         clknet_0_clk (net)
                  0.04    0.00    0.07 ^ clkbuf_3_0__f_clk/A (CLKBUF_X3)
    16   46.44    0.04    0.08    0.15 ^ clkbuf_3_0__f_clk/Z (CLKBUF_X3)
                                         clknet_3_0__leaf_clk (net)
                  0.04    0.00    0.15 ^ clkbuf_leaf_71_clk/A (CLKBUF_X3)
     8    9.31    0.01    0.05    0.20 ^ clkbuf_leaf_71_clk/Z (CLKBUF_X3)
                                         clknet_leaf_71_clk (net)
                  0.01    0.00    0.20 ^ text_in_r[109]$_DFFE_PP_/CK (DFF_X1)
                          0.00    0.20   clock reconvergence pessimism
                          0.01    0.20   library hold time
                                  0.20   data required time
-----------------------------------------------------------------------------
                                  0.20   data required time
                                 -0.21   data arrival time
-----------------------------------------------------------------------------
                                  0.01   slack (MET)



==========================================================================
finish report_checks -path_delay max
--------------------------------------------------------------------------
Startpoint: sa23_sr[0]$_DFF_P_ (rising edge-triggered flip-flop clocked by clk)
Endpoint: sa21_sr[7]$_DFF_P_ (rising edge-triggered flip-flop clocked by clk)
Path Group: clk
Path Type: max

Fanout     Cap    Slew   Delay    Time   Description
-----------------------------------------------------------------------------
                          0.00    0.00   clock clk (rise edge)
                          0.00    0.00   clock source latency
     1   17.36    0.00    0.00    0.00 ^ clk (in)
                                         clk (net)
                  0.00    0.00    0.00 ^ clkbuf_0_clk/A (CLKBUF_X3)
     8   51.40    0.04    0.07    0.07 ^ clkbuf_0_clk/Z (CLKBUF_X3)
                                         clknet_0_clk (net)
                  0.04    0.00    0.07 ^ clkbuf_3_4__f_clk/A (CLKBUF_X3)
    12   39.53    0.03    0.07    0.14 ^ clkbuf_3_4__f_clk/Z (CLKBUF_X3)
                                         clknet_3_4__leaf_clk (net)
                  0.03    0.00    0.14 ^ clkbuf_leaf_10_clk/A (CLKBUF_X3)
     7   10.11    0.01    0.04    0.19 ^ clkbuf_leaf_10_clk/Z (CLKBUF_X3)
                                         clknet_leaf_10_clk (net)
                  0.01    0.00    0.19 ^ sa23_sr[0]$_DFF_P_/CK (DFF_X1)
     6   19.37    0.04    0.13    0.32 ^ sa23_sr[0]$_DFF_P_/Q (DFF_X1)
                                         _00661_ (net)
                  0.04    0.00    0.32 ^ _18145_/B (XNOR2_X1)
     4   10.66    0.06    0.07    0.39 ^ _18145_/ZN (XNOR2_X1)
                                         _06226_ (net)
                  0.06    0.00    0.39 ^ _18147_/B (XNOR2_X1)
     1    2.34    0.02    0.03    0.42 v _18147_/ZN (XNOR2_X1)
                                         _06228_ (net)
                  0.02    0.00    0.42 v _18150_/A (XNOR2_X1)
     1    1.06    0.01    0.04    0.46 v _18150_/ZN (XNOR2_X1)
                                         _06231_ (net)
                  0.01    0.00    0.46 v _18151_/B (MUX2_X1)
     2    8.90    0.02    0.07    0.53 v _18151_/Z (MUX2_X1)
                                         _06232_ (net)
                  0.02    0.00    0.53 v _18153_/A (XNOR2_X2)
    20   44.26    0.11    0.13    0.66 ^ _18153_/ZN (XNOR2_X2)
                                         _06234_ (net)
                  0.11    0.00    0.67 ^ _18207_/A2 (NOR2_X1)
     5   10.07    0.03    0.04    0.71 v _18207_/ZN (NOR2_X1)
                                         _06288_ (net)
                  0.03    0.00    0.71 v _18216_/A2 (AOI22_X1)
     1    2.29    0.03    0.05    0.76 ^ _18216_/ZN (AOI22_X1)
                                         _06297_ (net)
                  0.03    0.00    0.76 ^ _18228_/A (OAI221_X1)
     1    2.94    0.03    0.04    0.80 v _18228_/ZN (OAI221_X1)
                                         _06309_ (net)
                  0.03    0.00    0.80 v _18240_/A1 (NOR4_X2)
     2    3.85    0.04    0.06    0.85 ^ _18240_/ZN (NOR4_X2)
                                         _06321_ (net)
                  0.04    0.00    0.85 ^ _18316_/B1 (OAI22_X1)
     1    3.17    0.02    0.03    0.88 v _18316_/ZN (OAI22_X1)
                                         _06397_ (net)
                  0.02    0.00    0.88 v _18317_/B (AOI211_X2)
     1   11.48    0.06    0.10    0.98 ^ _18317_/ZN (AOI211_X2)
                                         _06398_ (net)
                  0.06    0.00    0.98 ^ sa21_sr[7]$_DFF_P_/D (DFF_X1)
                                  0.98   data arrival time

                          0.82    0.82   clock clk (rise edge)
                          0.00    0.82   clock source latency
     1   17.36    0.00    0.00    0.82 ^ clk (in)
                                         clk (net)
                  0.00    0.00    0.82 ^ clkbuf_0_clk/A (CLKBUF_X3)
     8   51.40    0.04    0.07    0.89 ^ clkbuf_0_clk/Z (CLKBUF_X3)
                                         clknet_0_clk (net)
                  0.04    0.00    0.89 ^ clkbuf_3_5__f_clk/A (CLKBUF_X3)
    10   40.44    0.03    0.07    0.96 ^ clkbuf_3_5__f_clk/Z (CLKBUF_X3)
                                         clknet_3_5__leaf_clk (net)
                  0.03    0.00    0.96 ^ clkbuf_leaf_24_clk/A (CLKBUF_X3)
     5   10.22    0.01    0.04    1.01 ^ clkbuf_leaf_24_clk/Z (CLKBUF_X3)
                                         clknet_leaf_24_clk (net)
                  0.01    0.00    1.01 ^ sa21_sr[7]$_DFF_P_/CK (DFF_X1)
                          0.00    1.01   clock reconvergence pessimism
                         -0.04    0.97   library setup time
                                  0.97   data required time
-----------------------------------------------------------------------------
                                  0.97   data required time
                                 -0.98   data arrival time
-----------------------------------------------------------------------------
                                 -0.02   slack (VIOLATED)



==========================================================================
finish report_checks -unconstrained
--------------------------------------------------------------------------
Startpoint: sa23_sr[0]$_DFF_P_ (rising edge-triggered flip-flop clocked by clk)
Endpoint: sa21_sr[7]$_DFF_P_ (rising edge-triggered flip-flop clocked by clk)
Path Group: clk
Path Type: max

Fanout     Cap    Slew   Delay    Time   Description
-----------------------------------------------------------------------------
                          0.00    0.00   clock clk (rise edge)
                          0.00    0.00   clock source latency
     1   17.36    0.00    0.00    0.00 ^ clk (in)
                                         clk (net)
                  0.00    0.00    0.00 ^ clkbuf_0_clk/A (CLKBUF_X3)
     8   51.40    0.04    0.07    0.07 ^ clkbuf_0_clk/Z (CLKBUF_X3)
                                         clknet_0_clk (net)
                  0.04    0.00    0.07 ^ clkbuf_3_4__f_clk/A (CLKBUF_X3)
    12   39.53    0.03    0.07    0.14 ^ clkbuf_3_4__f_clk/Z (CLKBUF_X3)
                                         clknet_3_4__leaf_clk (net)
                  0.03    0.00    0.14 ^ clkbuf_leaf_10_clk/A (CLKBUF_X3)
     7   10.11    0.01    0.04    0.19 ^ clkbuf_leaf_10_clk/Z (CLKBUF_X3)
                                         clknet_leaf_10_clk (net)
                  0.01    0.00    0.19 ^ sa23_sr[0]$_DFF_P_/CK (DFF_X1)
     6   19.37    0.04    0.13    0.32 ^ sa23_sr[0]$_DFF_P_/Q (DFF_X1)
                                         _00661_ (net)
                  0.04    0.00    0.32 ^ _18145_/B (XNOR2_X1)
     4   10.66    0.06    0.07    0.39 ^ _18145_/ZN (XNOR2_X1)
                                         _06226_ (net)
                  0.06    0.00    0.39 ^ _18147_/B (XNOR2_X1)
     1    2.34    0.02    0.03    0.42 v _18147_/ZN (XNOR2_X1)
                                         _06228_ (net)
                  0.02    0.00    0.42 v _18150_/A (XNOR2_X1)
     1    1.06    0.01    0.04    0.46 v _18150_/ZN (XNOR2_X1)
                                         _06231_ (net)
                  0.01    0.00    0.46 v _18151_/B (MUX2_X1)
     2    8.90    0.02    0.07    0.53 v _18151_/Z (MUX2_X1)
                                         _06232_ (net)
                  0.02    0.00    0.53 v _18153_/A (XNOR2_X2)
    20   44.26    0.11    0.13    0.66 ^ _18153_/ZN (XNOR2_X2)
                                         _06234_ (net)
                  0.11    0.00    0.67 ^ _18207_/A2 (NOR2_X1)
     5   10.07    0.03    0.04    0.71 v _18207_/ZN (NOR2_X1)
                                         _06288_ (net)
                  0.03    0.00    0.71 v _18216_/A2 (AOI22_X1)
     1    2.29    0.03    0.05    0.76 ^ _18216_/ZN (AOI22_X1)
                                         _06297_ (net)
                  0.03    0.00    0.76 ^ _18228_/A (OAI221_X1)
     1    2.94    0.03    0.04    0.80 v _18228_/ZN (OAI221_X1)
                                         _06309_ (net)
                  0.03    0.00    0.80 v _18240_/A1 (NOR4_X2)
     2    3.85    0.04    0.06    0.85 ^ _18240_/ZN (NOR4_X2)
                                         _06321_ (net)
                  0.04    0.00    0.85 ^ _18316_/B1 (OAI22_X1)
     1    3.17    0.02    0.03    0.88 v _18316_/ZN (OAI22_X1)
                                         _06397_ (net)
                  0.02    0.00    0.88 v _18317_/B (AOI211_X2)
     1   11.48    0.06    0.10    0.98 ^ _18317_/ZN (AOI211_X2)
                                         _06398_ (net)
                  0.06    0.00    0.98 ^ sa21_sr[7]$_DFF_P_/D (DFF_X1)
                                  0.98   data arrival time

                          0.82    0.82   clock clk (rise edge)
                          0.00    0.82   clock source latency
     1   17.36    0.00    0.00    0.82 ^ clk (in)
                                         clk (net)
                  0.00    0.00    0.82 ^ clkbuf_0_clk/A (CLKBUF_X3)
     8   51.40    0.04    0.07    0.89 ^ clkbuf_0_clk/Z (CLKBUF_X3)
                                         clknet_0_clk (net)
                  0.04    0.00    0.89 ^ clkbuf_3_5__f_clk/A (CLKBUF_X3)
    10   40.44    0.03    0.07    0.96 ^ clkbuf_3_5__f_clk/Z (CLKBUF_X3)
                                         clknet_3_5__leaf_clk (net)
                  0.03    0.00    0.96 ^ clkbuf_leaf_24_clk/A (CLKBUF_X3)
     5   10.22    0.01    0.04    1.01 ^ clkbuf_leaf_24_clk/Z (CLKBUF_X3)
                                         clknet_leaf_24_clk (net)
                  0.01    0.00    1.01 ^ sa21_sr[7]$_DFF_P_/CK (DFF_X1)
                          0.00    1.01   clock reconvergence pessimism
                         -0.04    0.97   library setup time
                                  0.97   data required time
-----------------------------------------------------------------------------
                                  0.97   data required time
                                 -0.98   data arrival time
-----------------------------------------------------------------------------
                                 -0.02   slack (VIOLATED)



==========================================================================
finish report_check_types -max_slew -max_cap -max_fanout -violators
--------------------------------------------------------------------------

==========================================================================
finish max_slew_check_slack
--------------------------------------------------------------------------
0.0898168683052063

==========================================================================
finish max_slew_check_limit
--------------------------------------------------------------------------
0.1985349953174591

==========================================================================
finish max_slew_check_slack_limit
--------------------------------------------------------------------------
0.4524

==========================================================================
finish max_fanout_check_slack
--------------------------------------------------------------------------
1.0000000150474662e+30

==========================================================================
finish max_fanout_check_limit
--------------------------------------------------------------------------
1.0000000150474662e+30

==========================================================================
finish max_capacitance_check_slack
--------------------------------------------------------------------------
3.436265230178833

==========================================================================
finish max_capacitance_check_limit
--------------------------------------------------------------------------
20.904499053955078

==========================================================================
finish max_capacitance_check_slack_limit
--------------------------------------------------------------------------
0.1644

==========================================================================
finish max_slew_violation_count
--------------------------------------------------------------------------
max slew violation count 0

==========================================================================
finish max_fanout_violation_count
--------------------------------------------------------------------------
max fanout violation count 0

==========================================================================
finish max_cap_violation_count
--------------------------------------------------------------------------
max cap violation count 0

==========================================================================
finish setup_violation_count
--------------------------------------------------------------------------
setup violation count 5

==========================================================================
finish hold_violation_count
--------------------------------------------------------------------------
hold violation count 0

==========================================================================
finish report_checks -path_delay max reg to reg
--------------------------------------------------------------------------
Startpoint: sa23_sr[0]$_DFF_P_ (rising edge-triggered flip-flop clocked by clk)
Endpoint: sa21_sr[7]$_DFF_P_ (rising edge-triggered flip-flop clocked by clk)
Path Group: clk
Path Type: max

  Delay    Time   Description
---------------------------------------------------------
   0.00    0.00   clock clk (rise edge)
   0.00    0.00   clock source latency
   0.00    0.00 ^ clk (in)
   0.07    0.07 ^ clkbuf_0_clk/Z (CLKBUF_X3)
   0.07    0.14 ^ clkbuf_3_4__f_clk/Z (CLKBUF_X3)
   0.05    0.19 ^ clkbuf_leaf_10_clk/Z (CLKBUF_X3)
   0.00    0.19 ^ sa23_sr[0]$_DFF_P_/CK (DFF_X1)
   0.13    0.32 ^ sa23_sr[0]$_DFF_P_/Q (DFF_X1)
   0.07    0.39 ^ _18145_/ZN (XNOR2_X1)
   0.03    0.42 v _18147_/ZN (XNOR2_X1)
   0.04    0.46 v _18150_/ZN (XNOR2_X1)
   0.07    0.53 v _18151_/Z (MUX2_X1)
   0.13    0.66 ^ _18153_/ZN (XNOR2_X2)
   0.04    0.71 v _18207_/ZN (NOR2_X1)
   0.05    0.76 ^ _18216_/ZN (AOI22_X1)
   0.04    0.80 v _18228_/ZN (OAI221_X1)
   0.06    0.85 ^ _18240_/ZN (NOR4_X2)
   0.03    0.88 v _18316_/ZN (OAI22_X1)
   0.10    0.98 ^ _18317_/ZN (AOI211_X2)
   0.00    0.98 ^ sa21_sr[7]$_DFF_P_/D (DFF_X1)
           0.98   data arrival time

   0.82    0.82   clock clk (rise edge)
   0.00    0.82   clock source latency
   0.00    0.82 ^ clk (in)
   0.07    0.89 ^ clkbuf_0_clk/Z (CLKBUF_X3)
   0.07    0.96 ^ clkbuf_3_5__f_clk/Z (CLKBUF_X3)
   0.05    1.01 ^ clkbuf_leaf_24_clk/Z (CLKBUF_X3)
   0.00    1.01 ^ sa21_sr[7]$_DFF_P_/CK (DFF_X1)
   0.00    1.01   clock reconvergence pessimism
  -0.04    0.97   library setup time
           0.97   data required time
---------------------------------------------------------
           0.97   data required time
          -0.98   data arrival time
---------------------------------------------------------
          -0.02   slack (VIOLATED)



==========================================================================
finish report_checks -path_delay min reg to reg
--------------------------------------------------------------------------
Startpoint: u0.r0.rcnt[0]$_SDFF_PP0_
            (rising edge-triggered flip-flop clocked by clk)
Endpoint: u0.r0.rcnt[0]$_SDFF_PP0_
          (rising edge-triggered flip-flop clocked by clk)
Path Group: clk
Path Type: min

  Delay    Time   Description
---------------------------------------------------------
   0.00    0.00   clock clk (rise edge)
   0.00    0.00   clock source latency
   0.00    0.00 ^ clk (in)
   0.07    0.07 ^ clkbuf_0_clk/Z (CLKBUF_X3)
   0.08    0.15 ^ clkbuf_3_0__f_clk/Z (CLKBUF_X3)
   0.05    0.20 ^ clkbuf_leaf_88_clk/Z (CLKBUF_X3)
   0.00    0.20 ^ u0.r0.rcnt[0]$_SDFF_PP0_/CK (DFF_X1)
   0.08    0.27 ^ u0.r0.rcnt[0]$_SDFF_PP0_/QN (DFF_X1)
   0.02    0.29 v _14076_/ZN (NAND2_X1)
   0.02    0.31 ^ _14075_/ZN (INV_X1)
   0.00    0.31 ^ u0.r0.rcnt[0]$_SDFF_PP0_/D (DFF_X1)
           0.31   data arrival time

   0.00    0.00   clock clk (rise edge)
   0.00    0.00   clock source latency
   0.00    0.00 ^ clk (in)
   0.07    0.07 ^ clkbuf_0_clk/Z (CLKBUF_X3)
   0.08    0.15 ^ clkbuf_3_0__f_clk/Z (CLKBUF_X3)
   0.05    0.20 ^ clkbuf_leaf_88_clk/Z (CLKBUF_X3)
   0.00    0.20 ^ u0.r0.rcnt[0]$_SDFF_PP0_/CK (DFF_X1)
   0.00    0.20   clock reconvergence pessimism
   0.01    0.20   library hold time
           0.20   data required time
---------------------------------------------------------
           0.20   data required time
          -0.31   data arrival time
---------------------------------------------------------
           0.10   slack (MET)



==========================================================================
finish critical path target clock latency max path
--------------------------------------------------------------------------
0.1891

==========================================================================
finish critical path target clock latency min path
--------------------------------------------------------------------------
0.1953

==========================================================================
finish critical path source clock latency min path
--------------------------------------------------------------------------
0.0000

==========================================================================
finish critical path delay
--------------------------------------------------------------------------
0.9841

==========================================================================
finish critical path slack
--------------------------------------------------------------------------
-0.0170

==========================================================================
finish slack div critical path delay
--------------------------------------------------------------------------
-1.727467

==========================================================================
finish report_power
--------------------------------------------------------------------------
Group                  Internal  Switching    Leakage      Total
                          Power      Power      Power      Power (Watts)
----------------------------------------------------------------
Sequential             9.14e-03   3.51e-03   4.45e-05   1.27e-02   3.8%
Combinational          1.45e-01   1.73e-01   4.48e-04   3.18e-01  95.1%
Clock                  1.70e-03   1.98e-03   5.08e-06   3.68e-03   1.1%
Macro                  0.00e+00   0.00e+00   0.00e+00   0.00e+00   0.0%
Pad                    0.00e+00   0.00e+00   0.00e+00   0.00e+00   0.0%
----------------------------------------------------------------
Total                  1.55e-01   1.79e-01   4.97e-04   3.35e-01 100.0%
                          46.5%      53.4%       0.1%
